2021-01-08 17:50:39 [scrapy.utils.log] INFO: Scrapy 2.4.1 started (bot: moshe)
2021-01-08 17:50:39 [scrapy.utils.log] INFO: Versions: lxml 4.6.1.0, libxml2 2.9.5, cssselect 1.1.0, parsel 1.6.0, w3lib 1.22.0, Twisted 20.3.0, Python 3.8.5 (tags/v3.8.5:580fbb0, Jul 20 2020, 15:43:08) [MSC v.1926 32 bit (Intel)], pyOpenSSL 19.1.0 (OpenSSL 1.1.1h  22 Sep 2020), cryptography 3.2.1, Platform Windows-10-10.0.19041-SP0
2021-01-08 17:50:39 [scrapy.utils.log] DEBUG: Using reactor: twisted.internet.selectreactor.SelectReactor
2021-01-08 17:50:39 [scrapy.crawler] INFO: Overridden settings:
{'BOT_NAME': 'moshe',
 'CONCURRENT_REQUESTS': 32,
 'DOWNLOAD_DELAY': 0.3,
 'LOG_FILE': 'logs\\moshe\\underarmour\\3f735c6951c911eb89817cb0c2463b96.log',
 'NEWSPIDER_MODULE': 'moshe.spiders',
 'SPIDER_MODULES': ['moshe.spiders']}
2021-01-08 17:50:39 [scrapy.extensions.telnet] INFO: Telnet Password: 6c3df3829eeecb40
2021-01-08 17:50:39 [scrapy.middleware] INFO: Enabled extensions:
['scrapy.extensions.corestats.CoreStats',
 'scrapy.extensions.telnet.TelnetConsole',
 'scrapy.extensions.logstats.LogStats']
2021-01-08 17:50:39 [scrapy_user_agents.user_agent_picker] WARNING: [UnsupportedBrowserType] Family: Android
2021-01-08 17:50:40 [scrapy_user_agents.user_agent_picker] WARNING: [UnsupportedDeviceType] Family: Other, Brand: None, Model: None
2021-01-08 17:50:40 [scrapy_user_agents.user_agent_picker] WARNING: [UnsupportedDeviceType] Family: Other, Brand: None, Model: None
2021-01-08 17:50:40 [scrapy_user_agents.user_agent_picker] WARNING: [UnsupportedDeviceType] Family: Other, Brand: None, Model: None
2021-01-08 17:50:40 [scrapy_user_agents.user_agent_picker] WARNING: [UnsupportedDeviceType] Family: Sony BDV13, Brand: Sony, Model: BDV13
2021-01-08 17:50:40 [scrapy_user_agents.user_agent_picker] WARNING: [UnsupportedDeviceType] Family: Nintendo DSi, Brand: Nintendo, Model: DSi
2021-01-08 17:50:40 [scrapy_user_agents.user_agent_picker] WARNING: [UnsupportedDeviceType] Family: Other, Brand: None, Model: None
2021-01-08 17:50:40 [scrapy_user_agents.user_agent_picker] WARNING: [UnsupportedBrowserType] Family: Other
2021-01-08 17:50:40 [scrapy_user_agents.user_agent_picker] WARNING: [UnsupportedDeviceType] Family: LYF F90M, Brand: LYF, Model: F90M
2021-01-08 17:50:40 [scrapy_user_agents.user_agent_picker] WARNING: [UnsupportedDeviceType] Family: Sony BDV14, Brand: Sony, Model: BDV14
2021-01-08 17:50:40 [scrapy_user_agents.user_agent_picker] WARNING: [UnsupportedDeviceType] Family: LG Web0S SmartTV, Brand: LG, Model: Web0S SmartTV
2021-01-08 17:50:40 [scrapy_user_agents.user_agent_picker] WARNING: [UnsupportedDeviceType] Family: Other, Brand: None, Model: None
2021-01-08 17:50:40 [scrapy_user_agents.user_agent_picker] WARNING: [UnsupportedDeviceType] Family: Other, Brand: None, Model: None
2021-01-08 17:50:40 [scrapy_user_agents.user_agent_picker] WARNING: [UnsupportedDeviceType] Family: Other, Brand: None, Model: None
2021-01-08 17:50:40 [scrapy_user_agents.user_agent_picker] WARNING: [UnsupportedDeviceType] Family: Other, Brand: None, Model: None
2021-01-08 17:50:41 [scrapy_user_agents.user_agent_picker] WARNING: [UnsupportedDeviceType] Family: Other, Brand: None, Model: None
2021-01-08 17:50:41 [scrapy_user_agents.user_agent_picker] WARNING: [UnsupportedDeviceType] Family: Other, Brand: None, Model: None
2021-01-08 17:50:41 [scrapy_user_agents.user_agent_picker] WARNING: [UnsupportedDeviceType] Family: Other, Brand: None, Model: None
2021-01-08 17:50:41 [scrapy_user_agents.user_agent_picker] WARNING: [UnsupportedDeviceType] Family: Sony BDV11, Brand: Sony, Model: BDV11
2021-01-08 17:50:41 [scrapy_user_agents.user_agent_picker] WARNING: [UnsupportedDeviceType] Family: Other, Brand: None, Model: None
2021-01-08 17:50:41 [scrapy_user_agents.user_agent_picker] WARNING: [UnsupportedDeviceType] Family: Other, Brand: None, Model: None
2021-01-08 17:50:41 [scrapy_user_agents.user_agent_picker] WARNING: [UnsupportedDeviceType] Family: Other, Brand: None, Model: None
2021-01-08 17:50:41 [scrapy_user_agents.user_agent_picker] WARNING: [UnsupportedDeviceType] Family: Other, Brand: None, Model: None
2021-01-08 17:50:41 [scrapy_user_agents.user_agent_picker] WARNING: [UnsupportedDeviceType] Family: Nintendo DSi, Brand: Nintendo, Model: DSi
2021-01-08 17:50:41 [scrapy_user_agents.user_agent_picker] WARNING: [UnsupportedDeviceType] Family: LYF LF-2403N, Brand: LYF, Model: LF-2403N
2021-01-08 17:50:41 [scrapy_user_agents.user_agent_picker] WARNING: [UnsupportedDeviceType] Family: LYF F90M, Brand: LYF, Model: F90M
2021-01-08 17:50:41 [scrapy_user_agents.user_agent_picker] WARNING: [UnsupportedDeviceType] Family: Other, Brand: None, Model: None
2021-01-08 17:50:41 [scrapy_user_agents.user_agent_picker] WARNING: [UnsupportedDeviceType] Family: Other, Brand: None, Model: None
2021-01-08 17:50:41 [scrapy_user_agents.user_agent_picker] WARNING: [UnsupportedBrowserType] Family: Applebot
2021-01-08 17:50:41 [scrapy_user_agents.user_agent_picker] WARNING: [UnsupportedDeviceType] Family: Other, Brand: None, Model: None
2021-01-08 17:50:42 [scrapy_user_agents.user_agent_picker] WARNING: [UnsupportedBrowserType] Family: Applebot
2021-01-08 17:50:42 [scrapy_user_agents.user_agent_picker] WARNING: [UnsupportedBrowserType] Family: Other
2021-01-08 17:50:42 [scrapy_user_agents.user_agent_picker] WARNING: [UnsupportedBrowserType] Family: Other
2021-01-08 17:50:42 [scrapy_user_agents.user_agent_picker] WARNING: [UnsupportedBrowserType] Family: PhantomJS
2021-01-08 17:50:42 [scrapy_user_agents.user_agent_picker] WARNING: [UnsupportedBrowserType] Family: SMTBot
2021-01-08 17:50:42 [scrapy_user_agents.user_agent_picker] WARNING: [UnsupportedBrowserType] Family: PhantomJS
2021-01-08 17:50:42 [scrapy_user_agents.user_agent_picker] WARNING: [UnsupportedBrowserType] Family: PhantomJS
2021-01-08 17:50:42 [scrapy_user_agents.user_agent_picker] WARNING: [UnsupportedBrowserType] Family: WebKit Nightly
2021-01-08 17:50:42 [scrapy_user_agents.user_agent_picker] WARNING: [UnsupportedBrowserType] Family: PhantomJS
2021-01-08 17:50:42 [scrapy_user_agents.user_agent_picker] WARNING: [UnsupportedDeviceType] Family: Other, Brand: None, Model: None
2021-01-08 17:50:42 [scrapy_user_agents.user_agent_picker] WARNING: [UnsupportedBrowserType] Family: PhantomJS
2021-01-08 17:50:42 [scrapy_user_agents.user_agent_picker] WARNING: [UnsupportedBrowserType] Family: PhantomJS
2021-01-08 17:50:42 [scrapy_user_agents.user_agent_picker] WARNING: [UnsupportedBrowserType] Family: Robot
2021-01-08 17:50:42 [scrapy_user_agents.user_agent_picker] WARNING: [UnsupportedDeviceType] Family: Other, Brand: None, Model: None
2021-01-08 17:50:43 [scrapy_user_agents.user_agent_picker] WARNING: [UnsupportedBrowserType] Family: Zune
2021-01-08 17:50:43 [scrapy.middleware] INFO: Enabled downloader middlewares:
['scrapy.downloadermiddlewares.httpauth.HttpAuthMiddleware',
 'scrapy.downloadermiddlewares.downloadtimeout.DownloadTimeoutMiddleware',
 'scrapy.downloadermiddlewares.defaultheaders.DefaultHeadersMiddleware',
 'scrapy_user_agents.middlewares.RandomUserAgentMiddleware',
 'scrapy.downloadermiddlewares.retry.RetryMiddleware',
 'scrapy.downloadermiddlewares.redirect.MetaRefreshMiddleware',
 'scrapy.downloadermiddlewares.httpcompression.HttpCompressionMiddleware',
 'scrapy.downloadermiddlewares.redirect.RedirectMiddleware',
 'scrapy.downloadermiddlewares.cookies.CookiesMiddleware',
 'scrapy.downloadermiddlewares.httpproxy.HttpProxyMiddleware',
 'scrapy.downloadermiddlewares.stats.DownloaderStats']
2021-01-08 17:50:43 [scrapy.middleware] INFO: Enabled spider middlewares:
['scrapy.spidermiddlewares.httperror.HttpErrorMiddleware',
 'scrapy.spidermiddlewares.offsite.OffsiteMiddleware',
 'scrapy.spidermiddlewares.referer.RefererMiddleware',
 'scrapy.spidermiddlewares.urllength.UrlLengthMiddleware',
 'scrapy.spidermiddlewares.depth.DepthMiddleware']
2021-01-08 17:50:43 [scrapy.middleware] INFO: Enabled item pipelines:
['moshe.pipelines.MoshePipeline']
2021-01-08 17:50:43 [scrapy.core.engine] INFO: Spider opened
2021-01-08 17:50:43 [scrapy.extensions.logstats] INFO: Crawled 0 pages (at 0 pages/min), scraped 0 items (at 0 items/min)
2021-01-08 17:50:43 [scrapy.extensions.telnet] INFO: Telnet console listening on 127.0.0.1:6023
2021-01-08 17:50:43 [scrapy_user_agents.middlewares] DEBUG: Assigned User-Agent Mozilla/5.0 (Windows NT 6.2; Win64; x64) AppleWebKit/537.36 (KHTML, like Gecko) Chrome/57.0.2987.133 Safari/537.36
2021-01-08 17:50:43 [scrapy_user_agents.middlewares] DEBUG: Assigned User-Agent Mozilla/5.0 (Windows NT 6.1; Win64; x64) AppleWebKit/537.36 (KHTML, like Gecko) Chrome/59.0.3071.115 Safari/537.36
2021-01-08 17:50:43 [scrapy_user_agents.middlewares] DEBUG: Assigned User-Agent Mozilla/5.0 (Windows NT 10.0; WOW64) AppleWebKit/537.36 (KHTML, like Gecko) Chrome/48.0.2564.97 Safari/537.36
2021-01-08 17:50:43 [scrapy_user_agents.middlewares] DEBUG: Assigned User-Agent Mozilla/5.0 (Windows NT 10.0; Win64; x64) AppleWebKit/537.36 (KHTML, like Gecko) Chrome/58.0.3029.81 Safari/537.36
2021-01-08 17:50:43 [scrapy.downloadermiddlewares.redirect] DEBUG: Redirecting (302) to <GET https://www.underarmour.com/on/demandware.store/Sites-US-Site/en_US/PX-Show?url=aHR0cHM6Ly93d3cudW5kZXJhcm1vdXIuY29tL29uL2RlbWFuZHdhcmUuc3RvcmUvU2l0ZXMtVVMtU2l0ZS9lbl9VUy9TZWFyY2gtVXBkYXRlR3JpZD9jZ2lkPWdpcmxzLWNsb3RoaW5nLWJvdHRvbXMmcHJlZm4xPWV4cGVyaWVuY2VUeXBlJnByZWZ2MT1wcmVtaXVtJnByZWZuMj1pc01GT0l0ZW0mcHJlZnYyPWZhbHNlJnN0YXJ0PTEyJnN6PTEyJnNob3dNb3JlPXRydWUmcHJldmlvdXM9ZmFsc2UmcGFnZVNpemU9MTIuMCZicmVhZENydW1iTGFzdD1Cb3R0b21z> from <GET https://www.underarmour.com/on/demandware.store/Sites-US-Site/en_US/Search-UpdateGrid?cgid=girls-clothing-bottoms&prefn1=experienceType&prefv1=premium&prefn2=isMFOItem&prefv2=false&start=12&sz=12&showMore=true&previous=false&pageSize=12.0&breadCrumbLast=Bottoms>
2021-01-08 17:50:43 [scrapy_user_agents.middlewares] DEBUG: Assigned User-Agent Mozilla/5.0 (Windows NT 6.1) AppleWebKit/537.36 (KHTML, like Gecko) Chrome/49.0.2623.87 Safari/537.36
2021-01-08 17:50:43 [scrapy.downloadermiddlewares.redirect] DEBUG: Redirecting (302) to <GET https://www.underarmour.com/on/demandware.store/Sites-US-Site/en_US/PX-Show?url=aHR0cHM6Ly93d3cudW5kZXJhcm1vdXIuY29tL29uL2RlbWFuZHdhcmUuc3RvcmUvU2l0ZXMtVVMtU2l0ZS9lbl9VUy9TZWFyY2gtVXBkYXRlR3JpZD9jZ2lkPXNwb3J0LWJhc2tldGJhbGwtbWVuJnByZWZuMT1kaXZpc2lvbiZwcmVmdjE9Q2xvdGhpbmcmcHJlZm4yPWV4cGVyaWVuY2VUeXBlJnByZWZ2Mj1wcmVtaXVtJnByZWZuMz1pc01GT0l0ZW0mcHJlZnYzPWZhbHNlJnN0YXJ0PTEyJnN6PTEyJnNob3dNb3JlPXRydWUmcHJldmlvdXM9ZmFsc2UmcGFnZVNpemU9MTIuMCZicmVhZENydW1iTGFzdD1NZW4%3d> from <GET https://www.underarmour.com/on/demandware.store/Sites-US-Site/en_US/Search-UpdateGrid?cgid=sport-basketball-men&prefn1=division&prefv1=Clothing&prefn2=experienceType&prefv2=premium&prefn3=isMFOItem&prefv3=false&start=12&sz=12&showMore=true&previous=false&pageSize=12.0&breadCrumbLast=Men>
2021-01-08 17:50:43 [scrapy_user_agents.middlewares] DEBUG: Assigned User-Agent Mozilla/5.0 (Windows NT 10.0; Win64; x64) AppleWebKit/537.36 (KHTML, like Gecko) Chrome/64.0.3282.186 Safari/537.36
2021-01-08 17:50:44 [scrapy.core.engine] DEBUG: Crawled (200) <GET https://www.underarmour.com/on/demandware.store/Sites-US-Site/en_US/Search-UpdateGrid?cgid=men-clothing-tops&prefn1=experienceType&prefv1=premium&prefn2=isMFOItem&prefv2=false&start=12&sz=12&showMore=true&previous=false&pageSize=12.0&breadCrumbLast=Tops> (referer: None)
2021-01-08 17:50:44 [scrapy_user_agents.middlewares] DEBUG: Assigned User-Agent Mozilla/5.0 (Windows NT 6.2; Win64; x64) AppleWebKit/537.36 (KHTML, like Gecko) Chrome/57.0.2987.133 Safari/537.36
2021-01-08 17:50:44 [scrapy_user_agents.middlewares] DEBUG: Assigned User-Agent Mozilla/5.0 (Windows NT 6.1) AppleWebKit/537.36 (KHTML, like Gecko) Chrome/45.0.2454.85 Safari/537.36
2021-01-08 17:50:44 [scrapy_user_agents.middlewares] DEBUG: Assigned User-Agent Mozilla/5.0 (Windows NT 6.2; WOW64) AppleWebKit/537.31 (KHTML, like Gecko) Chrome/26.0.1410.64 Safari/537.31
2021-01-08 17:50:44 [scrapy_user_agents.middlewares] DEBUG: Assigned User-Agent Mozilla/5.0 (Windows NT 6.3; Win64; x64) AppleWebKit/537.36 (KHTML, like Gecko) Chrome/65.0.3325.181 Safari/537.36
2021-01-08 17:50:44 [scrapy_user_agents.middlewares] DEBUG: Assigned User-Agent Mozilla/5.0 (Windows NT 10.0; Win64; x64) AppleWebKit/537.36 (KHTML, like Gecko) Chrome/64.0.3282.186 Safari/537.36
2021-01-08 17:50:44 [scrapy_user_agents.middlewares] DEBUG: Assigned User-Agent Mozilla/5.0 (Windows NT 6.1; Win64; x64) AppleWebKit/537.36 (KHTML, like Gecko) Chrome/66.0.3359.117 Safari/537.36
2021-01-08 17:50:44 [scrapy_user_agents.middlewares] DEBUG: Assigned User-Agent Mozilla/5.0 (Windows NT 6.2; WOW64) AppleWebKit/537.36 (KHTML, like Gecko) Chrome/48.0.2564.109 Safari/537.36
2021-01-08 17:50:44 [scrapy_user_agents.middlewares] DEBUG: Assigned User-Agent Mozilla/5.0 (Windows NT 10.0; Win64; x64) AppleWebKit/537.36 (KHTML, like Gecko) Chrome/54.0.2840.99 Safari/537.36
2021-01-08 17:50:44 [scrapy_user_agents.middlewares] DEBUG: Assigned User-Agent Mozilla/5.0 (Windows NT 6.3; WOW64) AppleWebKit/537.36 (KHTML, like Gecko) Chrome/51.0.2704.103 Safari/537.36
2021-01-08 17:50:44 [scrapy_user_agents.middlewares] DEBUG: Assigned User-Agent Mozilla/5.0 (Windows NT 6.2; Win64; x64) AppleWebKit/537.36 (KHTML, like Gecko) Chrome/55.0.2883.87 Safari/537.36
2021-01-08 17:50:44 [scrapy_user_agents.middlewares] DEBUG: Assigned User-Agent Mozilla/5.0 (Windows NT 6.3; WOW64) AppleWebKit/537.36 (KHTML, like Gecko) Chrome/54.0.2840.99 Safari/537.36
2021-01-08 17:50:44 [scrapy_user_agents.middlewares] DEBUG: Assigned User-Agent Mozilla/5.0 (Windows NT 6.1) AppleWebKit/537.31 (KHTML, like Gecko) Chrome/26.0.1410.64 Safari/537.31
2021-01-08 17:50:44 [scrapy.downloadermiddlewares.redirect] DEBUG: Redirecting (302) to <GET https://www.underarmour.com/on/demandware.store/Sites-US-Site/en_US/PX-Show?url=aHR0cHM6Ly93d3cudW5kZXJhcm1vdXIuY29tL29uL2RlbWFuZHdhcmUuc3RvcmUvU2l0ZXMtVVMtU2l0ZS9lbl9VUy9TZWFyY2gtVXBkYXRlR3JpZD9jZ2lkPXNwb3J0LXJ1bm5pbmctbWVuJnByZWZuMT1leHBlcmllbmNlVHlwZSZwcmVmdjE9cHJlbWl1bSZwcmVmbjI9aXNNRk9JdGVtJnByZWZ2Mj1mYWxzZSZzdGFydD0xMiZzej0xMiZzaG93TW9yZT10cnVlJnByZXZpb3VzPWZhbHNlJnBhZ2VTaXplPTEyLjAmYnJlYWRDcnVtYkxhc3Q9TWVu> from <GET https://www.underarmour.com/on/demandware.store/Sites-US-Site/en_US/Search-UpdateGrid?cgid=sport-running-men&prefn1=experienceType&prefv1=premium&prefn2=isMFOItem&prefv2=false&start=12&sz=12&showMore=true&previous=false&pageSize=12.0&breadCrumbLast=Men>
2021-01-08 17:50:44 [scrapy_user_agents.middlewares] DEBUG: Assigned User-Agent Mozilla/5.0 (Windows NT 6.2; Win64; x64) AppleWebKit/537.36 (KHTML, like Gecko) Chrome/57.0.2987.133 Safari/537.36
2021-01-08 17:50:45 [scrapy.core.engine] DEBUG: Crawled (200) <GET https://www.underarmour.com/on/demandware.store/Sites-US-Site/en_US/PX-Show?url=aHR0cHM6Ly93d3cudW5kZXJhcm1vdXIuY29tL29uL2RlbWFuZHdhcmUuc3RvcmUvU2l0ZXMtVVMtU2l0ZS9lbl9VUy9TZWFyY2gtVXBkYXRlR3JpZD9jZ2lkPWdpcmxzLWNsb3RoaW5nLWJvdHRvbXMmcHJlZm4xPWV4cGVyaWVuY2VUeXBlJnByZWZ2MT1wcmVtaXVtJnByZWZuMj1pc01GT0l0ZW0mcHJlZnYyPWZhbHNlJnN0YXJ0PTEyJnN6PTEyJnNob3dNb3JlPXRydWUmcHJldmlvdXM9ZmFsc2UmcGFnZVNpemU9MTIuMCZicmVhZENydW1iTGFzdD1Cb3R0b21z> (referer: None)
2021-01-08 17:50:45 [scrapy.core.engine] DEBUG: Crawled (200) <GET https://www.underarmour.com/on/demandware.store/Sites-US-Site/en_US/PX-Show?url=aHR0cHM6Ly93d3cudW5kZXJhcm1vdXIuY29tL29uL2RlbWFuZHdhcmUuc3RvcmUvU2l0ZXMtVVMtU2l0ZS9lbl9VUy9TZWFyY2gtVXBkYXRlR3JpZD9jZ2lkPXNwb3J0LWJhc2tldGJhbGwtbWVuJnByZWZuMT1kaXZpc2lvbiZwcmVmdjE9Q2xvdGhpbmcmcHJlZm4yPWV4cGVyaWVuY2VUeXBlJnByZWZ2Mj1wcmVtaXVtJnByZWZuMz1pc01GT0l0ZW0mcHJlZnYzPWZhbHNlJnN0YXJ0PTEyJnN6PTEyJnNob3dNb3JlPXRydWUmcHJldmlvdXM9ZmFsc2UmcGFnZVNpemU9MTIuMCZicmVhZENydW1iTGFzdD1NZW4%3d> (referer: None)
2021-01-08 17:50:45 [scrapy.downloadermiddlewares.redirect] DEBUG: Redirecting (302) to <GET https://www.underarmour.com/on/demandware.store/Sites-US-Site/en_US/PX-Show?url=aHR0cHM6Ly93d3cudW5kZXJhcm1vdXIuY29tL29uL2RlbWFuZHdhcmUuc3RvcmUvU2l0ZXMtVVMtU2l0ZS9lbl9VUy9Qcm9kdWN0LVNob3c%2fcGlkPTEzMDU3NzYmc3RhcnQ9MTImYnJlYWRDcnVtYkxhc3Q9VG9wcw%3d%3d> from <GET https://www.underarmour.com//en-us/p/tops/mens-ua-locker-2.0-long-sleeve/1305776.html?start=12&breadCrumbLast=Tops>
2021-01-08 17:50:45 [scrapy_user_agents.middlewares] DEBUG: Assigned User-Agent Mozilla/5.0 (Windows NT 10.0; Win64; x64) AppleWebKit/537.36 (KHTML, like Gecko) Chrome/61.0.3163.91 Safari/537.36
2021-01-08 17:50:46 [scrapy.downloadermiddlewares.redirect] DEBUG: Redirecting (302) to <GET https://www.underarmour.com/on/demandware.store/Sites-US-Site/en_US/PX-Show?url=aHR0cHM6Ly93d3cudW5kZXJhcm1vdXIuY29tL29uL2RlbWFuZHdhcmUuc3RvcmUvU2l0ZXMtVVMtU2l0ZS9lbl9VUy9Qcm9kdWN0LVNob3c%2fcGlkPTEzNjA1MTMmc3RhcnQ9MTImYnJlYWRDcnVtYkxhc3Q9VG9wcw%3d%3d> from <GET https://www.underarmour.com//en-us/p/tops/mens-ua-storm-evolution-daytona-1-2-zip/1360513.html?start=12&breadCrumbLast=Tops>
2021-01-08 17:50:46 [scrapy_user_agents.middlewares] DEBUG: Assigned User-Agent Mozilla/5.0 (Windows NT 10.0; WOW64) AppleWebKit/537.36 (KHTML, like Gecko) Chrome/52.0.2743.82 Safari/537.36
2021-01-08 17:50:47 [scrapy.downloadermiddlewares.redirect] DEBUG: Redirecting (302) to <GET https://www.underarmour.com/on/demandware.store/Sites-US-Site/en_US/PX-Show?url=aHR0cHM6Ly93d3cudW5kZXJhcm1vdXIuY29tL29uL2RlbWFuZHdhcmUuc3RvcmUvU2l0ZXMtVVMtU2l0ZS9lbl9VUy9Qcm9kdWN0LVNob3c%2fcGlkPTEzNDMyNDMmc3RhcnQ9MTImYnJlYWRDcnVtYkxhc3Q9VG9wcw%3d%3d> from <GET https://www.underarmour.com//en-us/p/tops/mens-coldgear-base-3.0-crew/1343243.html?start=12&breadCrumbLast=Tops>
2021-01-08 17:50:47 [scrapy_user_agents.middlewares] DEBUG: Assigned User-Agent Mozilla/5.0 (Windows NT 6.1) AppleWebKit/537.36 (KHTML, like Gecko) Chrome/45.0.2454.93 Safari/537.36
2021-01-08 17:50:47 [scrapy.downloadermiddlewares.redirect] DEBUG: Redirecting (302) to <GET https://www.underarmour.com/on/demandware.store/Sites-US-Site/en_US/PX-Show?url=aHR0cHM6Ly93d3cudW5kZXJhcm1vdXIuY29tL29uL2RlbWFuZHdhcmUuc3RvcmUvU2l0ZXMtVVMtU2l0ZS9lbl9VUy9Qcm9kdWN0LVNob3c%2fcGlkPTEzMjA4MDUmc3RhcnQ9MTImYnJlYWRDcnVtYkxhc3Q9VG9wcw%3d%3d> from <GET https://www.underarmour.com//en-us/p/tops/mens-coldgear-armour-fitted-mock/1320805.html?start=12&breadCrumbLast=Tops>
2021-01-08 17:50:47 [scrapy_user_agents.middlewares] DEBUG: Assigned User-Agent Mozilla/5.0 (Windows NT 6.1; Win64; x64) AppleWebKit/537.36 (KHTML, like Gecko) Chrome/63.0.3239.84 Safari/537.36
2021-01-08 17:50:47 [scrapy.downloadermiddlewares.redirect] DEBUG: Redirecting (302) to <GET https://www.underarmour.com/on/demandware.store/Sites-US-Site/en_US/PX-Show?url=aHR0cHM6Ly93d3cudW5kZXJhcm1vdXIuY29tL29uL2RlbWFuZHdhcmUuc3RvcmUvU2l0ZXMtVVMtU2l0ZS9lbl9VUy9Qcm9kdWN0LVNob3c%2fcGlkPTEzMDU3ODAmc3RhcnQ9MTImYnJlYWRDcnVtYkxhc3Q9VG9wcw%3d%3d> from <GET https://www.underarmour.com//en-us/p/tops/mens-ua-locker-1-4-zip/1305780.html?start=12&breadCrumbLast=Tops>
2021-01-08 17:50:47 [scrapy_user_agents.middlewares] DEBUG: Assigned User-Agent Mozilla/5.0 (Windows NT 6.1) AppleWebKit/537.31 (KHTML, like Gecko) Chrome/26.0.1410.64 Safari/537.31
2021-01-08 17:50:47 [scrapy.downloadermiddlewares.redirect] DEBUG: Redirecting (302) to <GET https://www.underarmour.com/on/demandware.store/Sites-US-Site/en_US/PX-Show?url=aHR0cHM6Ly93d3cudW5kZXJhcm1vdXIuY29tL29uL2RlbWFuZHdhcmUuc3RvcmUvU2l0ZXMtVVMtU2l0ZS9lbl9VUy9Qcm9kdWN0LVNob3c%2fcGlkPTEzMTIyNzcmc3RhcnQ9MTImYnJlYWRDcnVtYkxhc3Q9VG9wcw%3d%3d> from <GET https://www.underarmour.com//en-us/p/tops/mens-ua-locker-tank/1312277.html?start=12&breadCrumbLast=Tops>
2021-01-08 17:50:47 [scrapy_user_agents.middlewares] DEBUG: Assigned User-Agent Mozilla/5.0 (Windows NT 6.3; WOW64) AppleWebKit/537.36 (KHTML, like Gecko) Chrome/45.0.2454.93 Safari/537.36
2021-01-08 17:50:48 [scrapy.downloadermiddlewares.redirect] DEBUG: Redirecting (302) to <GET https://www.underarmour.com/on/demandware.store/Sites-US-Site/en_US/PX-Show?url=aHR0cHM6Ly93d3cudW5kZXJhcm1vdXIuY29tL29uL2RlbWFuZHdhcmUuc3RvcmUvU2l0ZXMtVVMtU2l0ZS9lbl9VUy9Qcm9kdWN0LVNob3c%2fcGlkPTEzNjIxMDQmc3RhcnQ9MTImYnJlYWRDcnVtYkxhc3Q9VG9wcw%3d%3d> from <GET https://www.underarmour.com//en-us/p/tops/mens-project-rock-charged-cotton-brahma-hoodie/1362104.html?start=12&breadCrumbLast=Tops>
2021-01-08 17:50:48 [scrapy_user_agents.middlewares] DEBUG: Assigned User-Agent Mozilla/5.0 (Windows NT 6.2; WOW64) AppleWebKit/537.36 (KHTML, like Gecko) Chrome/52.0.2743.116 Safari/537.36
2021-01-08 17:50:48 [scrapy.downloadermiddlewares.redirect] DEBUG: Redirecting (302) to <GET https://www.underarmour.com/on/demandware.store/Sites-US-Site/en_US/PX-Show?url=aHR0cHM6Ly93d3cudW5kZXJhcm1vdXIuY29tL29uL2RlbWFuZHdhcmUuc3RvcmUvU2l0ZXMtVVMtU2l0ZS9lbl9VUy9Qcm9kdWN0LVNob3c%2fcGlkPTEyNTc0Njgmc3RhcnQ9MTImYnJlYWRDcnVtYkxhc3Q9VG9wcw%3d%3d> from <GET https://www.underarmour.com//en-us/p/tops/mens-ua-heatgear-armour-short-sleeve-compression-shirt/1257468.html?start=12&breadCrumbLast=Tops>
2021-01-08 17:50:48 [scrapy_user_agents.middlewares] DEBUG: Assigned User-Agent Mozilla/5.0 (Windows NT 10.0; WOW64) AppleWebKit/537.36 (KHTML, like Gecko) Chrome/47.0.2526.111 Safari/537.36
2021-01-08 17:50:48 [scrapy.downloadermiddlewares.redirect] DEBUG: Redirecting (302) to <GET https://www.underarmour.com/on/demandware.store/Sites-US-Site/en_US/PX-Show?url=aHR0cHM6Ly93d3cudW5kZXJhcm1vdXIuY29tL29uL2RlbWFuZHdhcmUuc3RvcmUvU2l0ZXMtVVMtU2l0ZS9lbl9VUy9Qcm9kdWN0LVNob3c%2fcGlkPTEzNTI2Nzgmc3RhcnQ9MTImYnJlYWRDcnVtYkxhc3Q9VG9wcw%3d%3d> from <GET https://www.underarmour.com//en-us/p/tops/mens-ua-freedom-flag-rival-hoodie/1352678.html?start=12&breadCrumbLast=Tops>
2021-01-08 17:50:48 [scrapy_user_agents.middlewares] DEBUG: Assigned User-Agent Mozilla/5.0 (Windows NT 6.1; Win64; x64) AppleWebKit/537.36 (KHTML, like Gecko) Chrome/66.0.3359.139 Safari/537.36
2021-01-08 17:50:49 [scrapy.downloadermiddlewares.redirect] DEBUG: Redirecting (302) to <GET https://www.underarmour.com/on/demandware.store/Sites-US-Site/en_US/PX-Show?url=aHR0cHM6Ly93d3cudW5kZXJhcm1vdXIuY29tL29uL2RlbWFuZHdhcmUuc3RvcmUvU2l0ZXMtVVMtU2l0ZS9lbl9VUy9Qcm9kdWN0LVNob3c%2fcGlkPTEzNTk5NzEmc3RhcnQ9MTImYnJlYWRDcnVtYkxhc3Q9VG9wcw%3d%3d> from <GET https://www.underarmour.com//en-us/p/tops/mens-ua-storm-sweaterfleece-1-2-zip/1359971.html?start=12&breadCrumbLast=Tops>
2021-01-08 17:50:49 [scrapy_user_agents.middlewares] DEBUG: Assigned User-Agent Mozilla/5.0 (Windows NT 10.0; WOW64) AppleWebKit/537.36 (KHTML, like Gecko) Chrome/50.0.2661.102 Safari/537.36
2021-01-08 17:50:49 [scrapy.downloadermiddlewares.redirect] DEBUG: Redirecting (302) to <GET https://www.underarmour.com/on/demandware.store/Sites-US-Site/en_US/PX-Show?url=aHR0cHM6Ly93d3cudW5kZXJhcm1vdXIuY29tL29uL2RlbWFuZHdhcmUuc3RvcmUvU2l0ZXMtVVMtU2l0ZS9lbl9VUy9Qcm9kdWN0LVNob3c%2fcGlkPTEzNTEzMTQmc3RhcnQ9MTImYnJlYWRDcnVtYkxhc3Q9VG9wcw%3d%3d> from <GET https://www.underarmour.com//en-us/p/tops/mens-ua-qualifier-fleece-anorak/1351314.html?start=12&breadCrumbLast=Tops>
2021-01-08 17:50:49 [scrapy_user_agents.middlewares] DEBUG: Assigned User-Agent Mozilla/5.0 (Windows NT 6.1) AppleWebKit/537.36 (KHTML, like Gecko) Chrome/62.0.3202.94 Safari/537.36
2021-01-08 17:50:50 [scrapy.core.engine] DEBUG: Crawled (200) <GET https://www.underarmour.com/on/demandware.store/Sites-US-Site/en_US/PX-Show?url=aHR0cHM6Ly93d3cudW5kZXJhcm1vdXIuY29tL29uL2RlbWFuZHdhcmUuc3RvcmUvU2l0ZXMtVVMtU2l0ZS9lbl9VUy9TZWFyY2gtVXBkYXRlR3JpZD9jZ2lkPXNwb3J0LXJ1bm5pbmctbWVuJnByZWZuMT1leHBlcmllbmNlVHlwZSZwcmVmdjE9cHJlbWl1bSZwcmVmbjI9aXNNRk9JdGVtJnByZWZ2Mj1mYWxzZSZzdGFydD0xMiZzej0xMiZzaG93TW9yZT10cnVlJnByZXZpb3VzPWZhbHNlJnBhZ2VTaXplPTEyLjAmYnJlYWRDcnVtYkxhc3Q9TWVu> (referer: None)
2021-01-08 17:50:50 [scrapy.downloadermiddlewares.redirect] DEBUG: Redirecting (302) to <GET https://www.underarmour.com/on/demandware.store/Sites-US-Site/en_US/PX-Show?url=aHR0cHM6Ly93d3cudW5kZXJhcm1vdXIuY29tL29uL2RlbWFuZHdhcmUuc3RvcmUvU2l0ZXMtVVMtU2l0ZS9lbl9VUy9Qcm9kdWN0LVNob3c%2fcGlkPTEzNTMzNDkmc3RhcnQ9MTImYnJlYWRDcnVtYkxhc3Q9VG9wcw%3d%3d> from <GET https://www.underarmour.com//en-us/p/tops/mens-coldgear-base-4.0-crew/1353349.html?start=12&breadCrumbLast=Tops>
2021-01-08 17:50:50 [scrapy_user_agents.middlewares] DEBUG: Assigned User-Agent Mozilla/5.0 (Windows NT 6.3; WOW64) AppleWebKit/537.36 (KHTML, like Gecko) Chrome/54.0.2840.99 Safari/537.36
2021-01-08 17:50:50 [scrapy.core.engine] DEBUG: Crawled (200) <GET https://www.underarmour.com/on/demandware.store/Sites-US-Site/en_US/PX-Show?url=aHR0cHM6Ly93d3cudW5kZXJhcm1vdXIuY29tL29uL2RlbWFuZHdhcmUuc3RvcmUvU2l0ZXMtVVMtU2l0ZS9lbl9VUy9Qcm9kdWN0LVNob3c%2fcGlkPTEzMDU3NzYmc3RhcnQ9MTImYnJlYWRDcnVtYkxhc3Q9VG9wcw%3d%3d> (referer: https://www.underarmour.com/on/demandware.store/Sites-US-Site/en_US/Search-UpdateGrid?cgid=men-clothing-tops&prefn1=experienceType&prefv1=premium&prefn2=isMFOItem&prefv2=false&start=12&sz=12&showMore=true&previous=false&pageSize=12.0&breadCrumbLast=Tops)
2021-01-08 17:50:50 [scrapy.core.scraper] ERROR: Spider error processing <GET https://www.underarmour.com/on/demandware.store/Sites-US-Site/en_US/PX-Show?url=aHR0cHM6Ly93d3cudW5kZXJhcm1vdXIuY29tL29uL2RlbWFuZHdhcmUuc3RvcmUvU2l0ZXMtVVMtU2l0ZS9lbl9VUy9Qcm9kdWN0LVNob3c%2fcGlkPTEzMDU3NzYmc3RhcnQ9MTImYnJlYWRDcnVtYkxhc3Q9VG9wcw%3d%3d> (referer: https://www.underarmour.com/on/demandware.store/Sites-US-Site/en_US/Search-UpdateGrid?cgid=men-clothing-tops&prefn1=experienceType&prefv1=premium&prefn2=isMFOItem&prefv2=false&start=12&sz=12&showMore=true&previous=false&pageSize=12.0&breadCrumbLast=Tops)
Traceback (most recent call last):
  File "c:\users\benvi\appdata\local\programs\python\python38-32\lib\site-packages\twisted\internet\defer.py", line 654, in _runCallbacks
    current.result = callback(current.result, *args, **kw)
  File "C:\Users\benvi\Downloads\GithubScrapy\moshe\spiders\underarmour.py", line 25, in getDetails
    gender = response.css(".b-breadcrumbs-link::text").get().strip()
AttributeError: 'NoneType' object has no attribute 'strip'
2021-01-08 17:50:51 [scrapy.core.engine] DEBUG: Crawled (200) <GET https://www.underarmour.com/on/demandware.store/Sites-US-Site/en_US/PX-Show?url=aHR0cHM6Ly93d3cudW5kZXJhcm1vdXIuY29tL29uL2RlbWFuZHdhcmUuc3RvcmUvU2l0ZXMtVVMtU2l0ZS9lbl9VUy9Qcm9kdWN0LVNob3c%2fcGlkPTEzNjA1MTMmc3RhcnQ9MTImYnJlYWRDcnVtYkxhc3Q9VG9wcw%3d%3d> (referer: https://www.underarmour.com/on/demandware.store/Sites-US-Site/en_US/Search-UpdateGrid?cgid=men-clothing-tops&prefn1=experienceType&prefv1=premium&prefn2=isMFOItem&prefv2=false&start=12&sz=12&showMore=true&previous=false&pageSize=12.0&breadCrumbLast=Tops)
2021-01-08 17:50:51 [scrapy.core.scraper] ERROR: Spider error processing <GET https://www.underarmour.com/on/demandware.store/Sites-US-Site/en_US/PX-Show?url=aHR0cHM6Ly93d3cudW5kZXJhcm1vdXIuY29tL29uL2RlbWFuZHdhcmUuc3RvcmUvU2l0ZXMtVVMtU2l0ZS9lbl9VUy9Qcm9kdWN0LVNob3c%2fcGlkPTEzNjA1MTMmc3RhcnQ9MTImYnJlYWRDcnVtYkxhc3Q9VG9wcw%3d%3d> (referer: https://www.underarmour.com/on/demandware.store/Sites-US-Site/en_US/Search-UpdateGrid?cgid=men-clothing-tops&prefn1=experienceType&prefv1=premium&prefn2=isMFOItem&prefv2=false&start=12&sz=12&showMore=true&previous=false&pageSize=12.0&breadCrumbLast=Tops)
Traceback (most recent call last):
  File "c:\users\benvi\appdata\local\programs\python\python38-32\lib\site-packages\twisted\internet\defer.py", line 654, in _runCallbacks
    current.result = callback(current.result, *args, **kw)
  File "C:\Users\benvi\Downloads\GithubScrapy\moshe\spiders\underarmour.py", line 25, in getDetails
    gender = response.css(".b-breadcrumbs-link::text").get().strip()
AttributeError: 'NoneType' object has no attribute 'strip'
2021-01-08 17:50:51 [scrapy.core.engine] DEBUG: Crawled (200) <GET https://www.underarmour.com/on/demandware.store/Sites-US-Site/en_US/PX-Show?url=aHR0cHM6Ly93d3cudW5kZXJhcm1vdXIuY29tL29uL2RlbWFuZHdhcmUuc3RvcmUvU2l0ZXMtVVMtU2l0ZS9lbl9VUy9Qcm9kdWN0LVNob3c%2fcGlkPTEzMjA4MDUmc3RhcnQ9MTImYnJlYWRDcnVtYkxhc3Q9VG9wcw%3d%3d> (referer: https://www.underarmour.com/on/demandware.store/Sites-US-Site/en_US/Search-UpdateGrid?cgid=men-clothing-tops&prefn1=experienceType&prefv1=premium&prefn2=isMFOItem&prefv2=false&start=12&sz=12&showMore=true&previous=false&pageSize=12.0&breadCrumbLast=Tops)
2021-01-08 17:50:51 [scrapy.core.engine] DEBUG: Crawled (200) <GET https://www.underarmour.com/on/demandware.store/Sites-US-Site/en_US/PX-Show?url=aHR0cHM6Ly93d3cudW5kZXJhcm1vdXIuY29tL29uL2RlbWFuZHdhcmUuc3RvcmUvU2l0ZXMtVVMtU2l0ZS9lbl9VUy9Qcm9kdWN0LVNob3c%2fcGlkPTEzNDMyNDMmc3RhcnQ9MTImYnJlYWRDcnVtYkxhc3Q9VG9wcw%3d%3d> (referer: https://www.underarmour.com/on/demandware.store/Sites-US-Site/en_US/Search-UpdateGrid?cgid=men-clothing-tops&prefn1=experienceType&prefv1=premium&prefn2=isMFOItem&prefv2=false&start=12&sz=12&showMore=true&previous=false&pageSize=12.0&breadCrumbLast=Tops)
2021-01-08 17:50:51 [scrapy.core.scraper] ERROR: Spider error processing <GET https://www.underarmour.com/on/demandware.store/Sites-US-Site/en_US/PX-Show?url=aHR0cHM6Ly93d3cudW5kZXJhcm1vdXIuY29tL29uL2RlbWFuZHdhcmUuc3RvcmUvU2l0ZXMtVVMtU2l0ZS9lbl9VUy9Qcm9kdWN0LVNob3c%2fcGlkPTEzMjA4MDUmc3RhcnQ9MTImYnJlYWRDcnVtYkxhc3Q9VG9wcw%3d%3d> (referer: https://www.underarmour.com/on/demandware.store/Sites-US-Site/en_US/Search-UpdateGrid?cgid=men-clothing-tops&prefn1=experienceType&prefv1=premium&prefn2=isMFOItem&prefv2=false&start=12&sz=12&showMore=true&previous=false&pageSize=12.0&breadCrumbLast=Tops)
Traceback (most recent call last):
  File "c:\users\benvi\appdata\local\programs\python\python38-32\lib\site-packages\twisted\internet\defer.py", line 654, in _runCallbacks
    current.result = callback(current.result, *args, **kw)
  File "C:\Users\benvi\Downloads\GithubScrapy\moshe\spiders\underarmour.py", line 25, in getDetails
    gender = response.css(".b-breadcrumbs-link::text").get().strip()
AttributeError: 'NoneType' object has no attribute 'strip'
2021-01-08 17:50:51 [scrapy.core.scraper] ERROR: Spider error processing <GET https://www.underarmour.com/on/demandware.store/Sites-US-Site/en_US/PX-Show?url=aHR0cHM6Ly93d3cudW5kZXJhcm1vdXIuY29tL29uL2RlbWFuZHdhcmUuc3RvcmUvU2l0ZXMtVVMtU2l0ZS9lbl9VUy9Qcm9kdWN0LVNob3c%2fcGlkPTEzNDMyNDMmc3RhcnQ9MTImYnJlYWRDcnVtYkxhc3Q9VG9wcw%3d%3d> (referer: https://www.underarmour.com/on/demandware.store/Sites-US-Site/en_US/Search-UpdateGrid?cgid=men-clothing-tops&prefn1=experienceType&prefv1=premium&prefn2=isMFOItem&prefv2=false&start=12&sz=12&showMore=true&previous=false&pageSize=12.0&breadCrumbLast=Tops)
Traceback (most recent call last):
  File "c:\users\benvi\appdata\local\programs\python\python38-32\lib\site-packages\twisted\internet\defer.py", line 654, in _runCallbacks
    current.result = callback(current.result, *args, **kw)
  File "C:\Users\benvi\Downloads\GithubScrapy\moshe\spiders\underarmour.py", line 25, in getDetails
    gender = response.css(".b-breadcrumbs-link::text").get().strip()
AttributeError: 'NoneType' object has no attribute 'strip'
2021-01-08 17:50:52 [scrapy.core.engine] DEBUG: Crawled (200) <GET https://www.underarmour.com/on/demandware.store/Sites-US-Site/en_US/PX-Show?url=aHR0cHM6Ly93d3cudW5kZXJhcm1vdXIuY29tL29uL2RlbWFuZHdhcmUuc3RvcmUvU2l0ZXMtVVMtU2l0ZS9lbl9VUy9Qcm9kdWN0LVNob3c%2fcGlkPTEzMDU3ODAmc3RhcnQ9MTImYnJlYWRDcnVtYkxhc3Q9VG9wcw%3d%3d> (referer: https://www.underarmour.com/on/demandware.store/Sites-US-Site/en_US/Search-UpdateGrid?cgid=men-clothing-tops&prefn1=experienceType&prefv1=premium&prefn2=isMFOItem&prefv2=false&start=12&sz=12&showMore=true&previous=false&pageSize=12.0&breadCrumbLast=Tops)
2021-01-08 17:50:52 [scrapy.core.scraper] ERROR: Spider error processing <GET https://www.underarmour.com/on/demandware.store/Sites-US-Site/en_US/PX-Show?url=aHR0cHM6Ly93d3cudW5kZXJhcm1vdXIuY29tL29uL2RlbWFuZHdhcmUuc3RvcmUvU2l0ZXMtVVMtU2l0ZS9lbl9VUy9Qcm9kdWN0LVNob3c%2fcGlkPTEzMDU3ODAmc3RhcnQ9MTImYnJlYWRDcnVtYkxhc3Q9VG9wcw%3d%3d> (referer: https://www.underarmour.com/on/demandware.store/Sites-US-Site/en_US/Search-UpdateGrid?cgid=men-clothing-tops&prefn1=experienceType&prefv1=premium&prefn2=isMFOItem&prefv2=false&start=12&sz=12&showMore=true&previous=false&pageSize=12.0&breadCrumbLast=Tops)
Traceback (most recent call last):
  File "c:\users\benvi\appdata\local\programs\python\python38-32\lib\site-packages\twisted\internet\defer.py", line 654, in _runCallbacks
    current.result = callback(current.result, *args, **kw)
  File "C:\Users\benvi\Downloads\GithubScrapy\moshe\spiders\underarmour.py", line 25, in getDetails
    gender = response.css(".b-breadcrumbs-link::text").get().strip()
AttributeError: 'NoneType' object has no attribute 'strip'
2021-01-08 17:50:52 [scrapy.core.engine] DEBUG: Crawled (200) <GET https://www.underarmour.com/on/demandware.store/Sites-US-Site/en_US/PX-Show?url=aHR0cHM6Ly93d3cudW5kZXJhcm1vdXIuY29tL29uL2RlbWFuZHdhcmUuc3RvcmUvU2l0ZXMtVVMtU2l0ZS9lbl9VUy9Qcm9kdWN0LVNob3c%2fcGlkPTEzMTIyNzcmc3RhcnQ9MTImYnJlYWRDcnVtYkxhc3Q9VG9wcw%3d%3d> (referer: https://www.underarmour.com/on/demandware.store/Sites-US-Site/en_US/Search-UpdateGrid?cgid=men-clothing-tops&prefn1=experienceType&prefv1=premium&prefn2=isMFOItem&prefv2=false&start=12&sz=12&showMore=true&previous=false&pageSize=12.0&breadCrumbLast=Tops)
2021-01-08 17:50:52 [scrapy.core.scraper] ERROR: Spider error processing <GET https://www.underarmour.com/on/demandware.store/Sites-US-Site/en_US/PX-Show?url=aHR0cHM6Ly93d3cudW5kZXJhcm1vdXIuY29tL29uL2RlbWFuZHdhcmUuc3RvcmUvU2l0ZXMtVVMtU2l0ZS9lbl9VUy9Qcm9kdWN0LVNob3c%2fcGlkPTEzMTIyNzcmc3RhcnQ9MTImYnJlYWRDcnVtYkxhc3Q9VG9wcw%3d%3d> (referer: https://www.underarmour.com/on/demandware.store/Sites-US-Site/en_US/Search-UpdateGrid?cgid=men-clothing-tops&prefn1=experienceType&prefv1=premium&prefn2=isMFOItem&prefv2=false&start=12&sz=12&showMore=true&previous=false&pageSize=12.0&breadCrumbLast=Tops)
Traceback (most recent call last):
  File "c:\users\benvi\appdata\local\programs\python\python38-32\lib\site-packages\twisted\internet\defer.py", line 654, in _runCallbacks
    current.result = callback(current.result, *args, **kw)
  File "C:\Users\benvi\Downloads\GithubScrapy\moshe\spiders\underarmour.py", line 25, in getDetails
    gender = response.css(".b-breadcrumbs-link::text").get().strip()
AttributeError: 'NoneType' object has no attribute 'strip'
2021-01-08 17:50:52 [scrapy.core.engine] DEBUG: Crawled (200) <GET https://www.underarmour.com/on/demandware.store/Sites-US-Site/en_US/PX-Show?url=aHR0cHM6Ly93d3cudW5kZXJhcm1vdXIuY29tL29uL2RlbWFuZHdhcmUuc3RvcmUvU2l0ZXMtVVMtU2l0ZS9lbl9VUy9Qcm9kdWN0LVNob3c%2fcGlkPTEzNjIxMDQmc3RhcnQ9MTImYnJlYWRDcnVtYkxhc3Q9VG9wcw%3d%3d> (referer: https://www.underarmour.com/on/demandware.store/Sites-US-Site/en_US/Search-UpdateGrid?cgid=men-clothing-tops&prefn1=experienceType&prefv1=premium&prefn2=isMFOItem&prefv2=false&start=12&sz=12&showMore=true&previous=false&pageSize=12.0&breadCrumbLast=Tops)
2021-01-08 17:50:53 [scrapy.core.scraper] ERROR: Spider error processing <GET https://www.underarmour.com/on/demandware.store/Sites-US-Site/en_US/PX-Show?url=aHR0cHM6Ly93d3cudW5kZXJhcm1vdXIuY29tL29uL2RlbWFuZHdhcmUuc3RvcmUvU2l0ZXMtVVMtU2l0ZS9lbl9VUy9Qcm9kdWN0LVNob3c%2fcGlkPTEzNjIxMDQmc3RhcnQ9MTImYnJlYWRDcnVtYkxhc3Q9VG9wcw%3d%3d> (referer: https://www.underarmour.com/on/demandware.store/Sites-US-Site/en_US/Search-UpdateGrid?cgid=men-clothing-tops&prefn1=experienceType&prefv1=premium&prefn2=isMFOItem&prefv2=false&start=12&sz=12&showMore=true&previous=false&pageSize=12.0&breadCrumbLast=Tops)
Traceback (most recent call last):
  File "c:\users\benvi\appdata\local\programs\python\python38-32\lib\site-packages\twisted\internet\defer.py", line 654, in _runCallbacks
    current.result = callback(current.result, *args, **kw)
  File "C:\Users\benvi\Downloads\GithubScrapy\moshe\spiders\underarmour.py", line 25, in getDetails
    gender = response.css(".b-breadcrumbs-link::text").get().strip()
AttributeError: 'NoneType' object has no attribute 'strip'
2021-01-08 17:50:53 [scrapy.core.engine] DEBUG: Crawled (200) <GET https://www.underarmour.com/on/demandware.store/Sites-US-Site/en_US/PX-Show?url=aHR0cHM6Ly93d3cudW5kZXJhcm1vdXIuY29tL29uL2RlbWFuZHdhcmUuc3RvcmUvU2l0ZXMtVVMtU2l0ZS9lbl9VUy9Qcm9kdWN0LVNob3c%2fcGlkPTEyNTc0Njgmc3RhcnQ9MTImYnJlYWRDcnVtYkxhc3Q9VG9wcw%3d%3d> (referer: https://www.underarmour.com/on/demandware.store/Sites-US-Site/en_US/Search-UpdateGrid?cgid=men-clothing-tops&prefn1=experienceType&prefv1=premium&prefn2=isMFOItem&prefv2=false&start=12&sz=12&showMore=true&previous=false&pageSize=12.0&breadCrumbLast=Tops)
2021-01-08 17:50:53 [scrapy.core.scraper] ERROR: Spider error processing <GET https://www.underarmour.com/on/demandware.store/Sites-US-Site/en_US/PX-Show?url=aHR0cHM6Ly93d3cudW5kZXJhcm1vdXIuY29tL29uL2RlbWFuZHdhcmUuc3RvcmUvU2l0ZXMtVVMtU2l0ZS9lbl9VUy9Qcm9kdWN0LVNob3c%2fcGlkPTEyNTc0Njgmc3RhcnQ9MTImYnJlYWRDcnVtYkxhc3Q9VG9wcw%3d%3d> (referer: https://www.underarmour.com/on/demandware.store/Sites-US-Site/en_US/Search-UpdateGrid?cgid=men-clothing-tops&prefn1=experienceType&prefv1=premium&prefn2=isMFOItem&prefv2=false&start=12&sz=12&showMore=true&previous=false&pageSize=12.0&breadCrumbLast=Tops)
Traceback (most recent call last):
  File "c:\users\benvi\appdata\local\programs\python\python38-32\lib\site-packages\twisted\internet\defer.py", line 654, in _runCallbacks
    current.result = callback(current.result, *args, **kw)
  File "C:\Users\benvi\Downloads\GithubScrapy\moshe\spiders\underarmour.py", line 25, in getDetails
    gender = response.css(".b-breadcrumbs-link::text").get().strip()
AttributeError: 'NoneType' object has no attribute 'strip'
2021-01-08 17:50:53 [scrapy.core.engine] DEBUG: Crawled (200) <GET https://www.underarmour.com/on/demandware.store/Sites-US-Site/en_US/PX-Show?url=aHR0cHM6Ly93d3cudW5kZXJhcm1vdXIuY29tL29uL2RlbWFuZHdhcmUuc3RvcmUvU2l0ZXMtVVMtU2l0ZS9lbl9VUy9Qcm9kdWN0LVNob3c%2fcGlkPTEzNTI2Nzgmc3RhcnQ9MTImYnJlYWRDcnVtYkxhc3Q9VG9wcw%3d%3d> (referer: https://www.underarmour.com/on/demandware.store/Sites-US-Site/en_US/Search-UpdateGrid?cgid=men-clothing-tops&prefn1=experienceType&prefv1=premium&prefn2=isMFOItem&prefv2=false&start=12&sz=12&showMore=true&previous=false&pageSize=12.0&breadCrumbLast=Tops)
2021-01-08 17:50:53 [scrapy.core.scraper] ERROR: Spider error processing <GET https://www.underarmour.com/on/demandware.store/Sites-US-Site/en_US/PX-Show?url=aHR0cHM6Ly93d3cudW5kZXJhcm1vdXIuY29tL29uL2RlbWFuZHdhcmUuc3RvcmUvU2l0ZXMtVVMtU2l0ZS9lbl9VUy9Qcm9kdWN0LVNob3c%2fcGlkPTEzNTI2Nzgmc3RhcnQ9MTImYnJlYWRDcnVtYkxhc3Q9VG9wcw%3d%3d> (referer: https://www.underarmour.com/on/demandware.store/Sites-US-Site/en_US/Search-UpdateGrid?cgid=men-clothing-tops&prefn1=experienceType&prefv1=premium&prefn2=isMFOItem&prefv2=false&start=12&sz=12&showMore=true&previous=false&pageSize=12.0&breadCrumbLast=Tops)
Traceback (most recent call last):
  File "c:\users\benvi\appdata\local\programs\python\python38-32\lib\site-packages\twisted\internet\defer.py", line 654, in _runCallbacks
    current.result = callback(current.result, *args, **kw)
  File "C:\Users\benvi\Downloads\GithubScrapy\moshe\spiders\underarmour.py", line 25, in getDetails
    gender = response.css(".b-breadcrumbs-link::text").get().strip()
AttributeError: 'NoneType' object has no attribute 'strip'
2021-01-08 17:50:54 [scrapy.core.engine] DEBUG: Crawled (200) <GET https://www.underarmour.com/on/demandware.store/Sites-US-Site/en_US/PX-Show?url=aHR0cHM6Ly93d3cudW5kZXJhcm1vdXIuY29tL29uL2RlbWFuZHdhcmUuc3RvcmUvU2l0ZXMtVVMtU2l0ZS9lbl9VUy9Qcm9kdWN0LVNob3c%2fcGlkPTEzNTEzMTQmc3RhcnQ9MTImYnJlYWRDcnVtYkxhc3Q9VG9wcw%3d%3d> (referer: https://www.underarmour.com/on/demandware.store/Sites-US-Site/en_US/Search-UpdateGrid?cgid=men-clothing-tops&prefn1=experienceType&prefv1=premium&prefn2=isMFOItem&prefv2=false&start=12&sz=12&showMore=true&previous=false&pageSize=12.0&breadCrumbLast=Tops)
2021-01-08 17:50:54 [scrapy.core.scraper] ERROR: Spider error processing <GET https://www.underarmour.com/on/demandware.store/Sites-US-Site/en_US/PX-Show?url=aHR0cHM6Ly93d3cudW5kZXJhcm1vdXIuY29tL29uL2RlbWFuZHdhcmUuc3RvcmUvU2l0ZXMtVVMtU2l0ZS9lbl9VUy9Qcm9kdWN0LVNob3c%2fcGlkPTEzNTEzMTQmc3RhcnQ9MTImYnJlYWRDcnVtYkxhc3Q9VG9wcw%3d%3d> (referer: https://www.underarmour.com/on/demandware.store/Sites-US-Site/en_US/Search-UpdateGrid?cgid=men-clothing-tops&prefn1=experienceType&prefv1=premium&prefn2=isMFOItem&prefv2=false&start=12&sz=12&showMore=true&previous=false&pageSize=12.0&breadCrumbLast=Tops)
Traceback (most recent call last):
  File "c:\users\benvi\appdata\local\programs\python\python38-32\lib\site-packages\twisted\internet\defer.py", line 654, in _runCallbacks
    current.result = callback(current.result, *args, **kw)
  File "C:\Users\benvi\Downloads\GithubScrapy\moshe\spiders\underarmour.py", line 25, in getDetails
    gender = response.css(".b-breadcrumbs-link::text").get().strip()
AttributeError: 'NoneType' object has no attribute 'strip'
2021-01-08 17:50:54 [scrapy.core.engine] DEBUG: Crawled (200) <GET https://www.underarmour.com/on/demandware.store/Sites-US-Site/en_US/PX-Show?url=aHR0cHM6Ly93d3cudW5kZXJhcm1vdXIuY29tL29uL2RlbWFuZHdhcmUuc3RvcmUvU2l0ZXMtVVMtU2l0ZS9lbl9VUy9Qcm9kdWN0LVNob3c%2fcGlkPTEzNTk5NzEmc3RhcnQ9MTImYnJlYWRDcnVtYkxhc3Q9VG9wcw%3d%3d> (referer: https://www.underarmour.com/on/demandware.store/Sites-US-Site/en_US/Search-UpdateGrid?cgid=men-clothing-tops&prefn1=experienceType&prefv1=premium&prefn2=isMFOItem&prefv2=false&start=12&sz=12&showMore=true&previous=false&pageSize=12.0&breadCrumbLast=Tops)
2021-01-08 17:50:54 [scrapy.core.scraper] ERROR: Spider error processing <GET https://www.underarmour.com/on/demandware.store/Sites-US-Site/en_US/PX-Show?url=aHR0cHM6Ly93d3cudW5kZXJhcm1vdXIuY29tL29uL2RlbWFuZHdhcmUuc3RvcmUvU2l0ZXMtVVMtU2l0ZS9lbl9VUy9Qcm9kdWN0LVNob3c%2fcGlkPTEzNTk5NzEmc3RhcnQ9MTImYnJlYWRDcnVtYkxhc3Q9VG9wcw%3d%3d> (referer: https://www.underarmour.com/on/demandware.store/Sites-US-Site/en_US/Search-UpdateGrid?cgid=men-clothing-tops&prefn1=experienceType&prefv1=premium&prefn2=isMFOItem&prefv2=false&start=12&sz=12&showMore=true&previous=false&pageSize=12.0&breadCrumbLast=Tops)
Traceback (most recent call last):
  File "c:\users\benvi\appdata\local\programs\python\python38-32\lib\site-packages\twisted\internet\defer.py", line 654, in _runCallbacks
    current.result = callback(current.result, *args, **kw)
  File "C:\Users\benvi\Downloads\GithubScrapy\moshe\spiders\underarmour.py", line 25, in getDetails
    gender = response.css(".b-breadcrumbs-link::text").get().strip()
AttributeError: 'NoneType' object has no attribute 'strip'
2021-01-08 17:50:54 [scrapy.core.engine] DEBUG: Crawled (200) <GET https://www.underarmour.com/on/demandware.store/Sites-US-Site/en_US/PX-Show?url=aHR0cHM6Ly93d3cudW5kZXJhcm1vdXIuY29tL29uL2RlbWFuZHdhcmUuc3RvcmUvU2l0ZXMtVVMtU2l0ZS9lbl9VUy9Qcm9kdWN0LVNob3c%2fcGlkPTEzNTMzNDkmc3RhcnQ9MTImYnJlYWRDcnVtYkxhc3Q9VG9wcw%3d%3d> (referer: https://www.underarmour.com/on/demandware.store/Sites-US-Site/en_US/Search-UpdateGrid?cgid=men-clothing-tops&prefn1=experienceType&prefv1=premium&prefn2=isMFOItem&prefv2=false&start=12&sz=12&showMore=true&previous=false&pageSize=12.0&breadCrumbLast=Tops)
2021-01-08 17:50:54 [scrapy.core.scraper] ERROR: Spider error processing <GET https://www.underarmour.com/on/demandware.store/Sites-US-Site/en_US/PX-Show?url=aHR0cHM6Ly93d3cudW5kZXJhcm1vdXIuY29tL29uL2RlbWFuZHdhcmUuc3RvcmUvU2l0ZXMtVVMtU2l0ZS9lbl9VUy9Qcm9kdWN0LVNob3c%2fcGlkPTEzNTMzNDkmc3RhcnQ9MTImYnJlYWRDcnVtYkxhc3Q9VG9wcw%3d%3d> (referer: https://www.underarmour.com/on/demandware.store/Sites-US-Site/en_US/Search-UpdateGrid?cgid=men-clothing-tops&prefn1=experienceType&prefv1=premium&prefn2=isMFOItem&prefv2=false&start=12&sz=12&showMore=true&previous=false&pageSize=12.0&breadCrumbLast=Tops)
Traceback (most recent call last):
  File "c:\users\benvi\appdata\local\programs\python\python38-32\lib\site-packages\twisted\internet\defer.py", line 654, in _runCallbacks
    current.result = callback(current.result, *args, **kw)
  File "C:\Users\benvi\Downloads\GithubScrapy\moshe\spiders\underarmour.py", line 25, in getDetails
    gender = response.css(".b-breadcrumbs-link::text").get().strip()
AttributeError: 'NoneType' object has no attribute 'strip'
2021-01-08 17:50:55 [scrapy.core.engine] INFO: Closing spider (finished)
2021-01-08 17:50:55 [scrapy.statscollectors] INFO: Dumping Scrapy stats:
{'downloader/request_bytes': 36397,
 'downloader/request_count': 31,
 'downloader/request_method_count/GET': 31,
 'downloader/response_bytes': 71138,
 'downloader/response_count': 31,
 'downloader/response_status_count/200': 16,
 'downloader/response_status_count/302': 15,
 'elapsed_time_seconds': 11.928333,
 'finish_reason': 'finished',
 'finish_time': datetime.datetime(2021, 1, 8, 15, 50, 55, 87350),
 'log_count/DEBUG': 62,
 'log_count/ERROR': 12,
 'log_count/INFO': 10,
 'log_count/WARNING': 45,
 'request_depth_max': 1,
 'response_received_count': 16,
 'scheduler/dequeued': 31,
 'scheduler/dequeued/memory': 31,
 'scheduler/enqueued': 31,
 'scheduler/enqueued/memory': 31,
 'spider_exceptions/AttributeError': 12,
 'start_time': datetime.datetime(2021, 1, 8, 15, 50, 43, 159017)}
2021-01-08 17:50:55 [scrapy.core.engine] INFO: Spider closed (finished)
